[2025-06-28 11:15:38,320] ip-172-31-47-106/INFO/locust.main: Run time limit set to 120 seconds
[2025-06-28 11:15:38,320] ip-172-31-47-106/INFO/locust.main: Starting Locust 
Type     Name                                                                          # reqs      # fails |    Avg     Min     Max    Med |   req/s  failures/s
--------|----------------------------------------------------------------------------|-------|-------------|-------|-------|-------|-------|--------|-----------
--------|----------------------------------------------------------------------------|-------|-------------|-------|-------|-------|-------|--------|-----------
         Aggregated                                                                         0     0(0.00%) |      0       0       0      0 |    0.00        0.00

[2025-06-28 11:15:38,321] ip-172-31-47-106/INFO/locust.runners: Ramping to 1000 users at a rate of 100.00 per second
Type     Name                                                                          # reqs      # fails |    Avg     Min     Max    Med |   req/s  failures/s
--------|----------------------------------------------------------------------------|-------|-------------|-------|-------|-------|-------|--------|-----------
GET      JWT /auth-jwt-rs256                                                               96     0(0.00%) |    507      79     929    490 |    0.00        0.00
POST     POST /login-rs                                                                   196     0(0.00%) |    543     105    1015    550 |    0.00        0.00
--------|----------------------------------------------------------------------------|-------|-------------|-------|-------|-------|-------|--------|-----------
         Aggregated                                                                       292     0(0.00%) |    531      79    1015    530 |    0.00        0.00

Type     Name                                                                          # reqs      # fails |    Avg     Min     Max    Med |   req/s  failures/s
--------|----------------------------------------------------------------------------|-------|-------------|-------|-------|-------|-------|--------|-----------
GET      JWT /auth-jwt-rs256                                                              340     0(0.00%) |    508      29     997    520 |   48.00        0.00
POST     POST /login-rs                                                                   392     0(0.00%) |    548     105    1020    550 |   80.00        0.00
--------|----------------------------------------------------------------------------|-------|-------------|-------|-------|-------|-------|--------|-----------
         Aggregated                                                                       732     0(0.00%) |    529      29    1020    530 |  128.00        0.00

Type     Name                                                                          # reqs      # fails |    Avg     Min     Max    Med |   req/s  failures/s
--------|----------------------------------------------------------------------------|-------|-------------|-------|-------|-------|-------|--------|-----------
GET      JWT /auth-jwt-rs256                                                              756     0(0.00%) |    528      29    1010    530 |   85.00        0.00
POST     POST /login-rs                                                                   587     0(0.00%) |    564     105    1063    560 |   90.00        0.00
--------|----------------------------------------------------------------------------|-------|-------------|-------|-------|-------|-------|--------|-----------
         Aggregated                                                                      1343     0(0.00%) |    544      29    1063    540 |  175.00        0.00

Type     Name                                                                          # reqs      # fails |    Avg     Min     Max    Med |   req/s  failures/s
--------|----------------------------------------------------------------------------|-------|-------------|-------|-------|-------|-------|--------|-----------
GET      JWT /auth-jwt-rs256                                                             1323     0(0.00%) |    558      29    1084    560 |  125.83        0.00
POST     POST /login-rs                                                                   776     0(0.00%) |    590     105    1104    590 |   92.00        0.00
--------|----------------------------------------------------------------------------|-------|-------------|-------|-------|-------|-------|--------|-----------
         Aggregated                                                                      2099     0(0.00%) |    570      29    1104    570 |  217.83        0.00

[2025-06-28 11:15:47,387] ip-172-31-47-106/INFO/locust.runners: All users spawned: {"JWTUser": 1000} (1000 total users)
Type     Name                                                                          # reqs      # fails |    Avg     Min     Max    Med |   req/s  failures/s
--------|----------------------------------------------------------------------------|-------|-------------|-------|-------|-------|-------|--------|-----------
GET      JWT /auth-jwt-rs256                                                             2031     0(0.00%) |    620      29    1222    620 |  165.25        0.00
POST     POST /login-rs                                                                   959     0(0.00%) |    629     105    1264    630 |   92.62        0.00
--------|----------------------------------------------------------------------------|-------|-------------|-------|-------|-------|-------|--------|-----------
         Aggregated                                                                      2990     0(0.00%) |    623      29    1264    630 |  257.88        0.00

Type     Name                                                                          # reqs      # fails |    Avg     Min     Max    Med |   req/s  failures/s
--------|----------------------------------------------------------------------------|-------|-------------|-------|-------|-------|-------|--------|-----------
GET      JWT /auth-jwt-rs256                                                             3122     0(0.00%) |    508       2    1237    530 |  203.10        0.00
POST     POST /login-rs                                                                  1000     0(0.00%) |    649     105    1300    650 |   92.30        0.00
--------|----------------------------------------------------------------------------|-------|-------------|-------|-------|-------|-------|--------|-----------
         Aggregated                                                                      4122     0(0.00%) |    542       2    1300    560 |  295.40        0.00

Type     Name                                                                          # reqs      # fails |    Avg     Min     Max    Med |   req/s  failures/s
--------|----------------------------------------------------------------------------|-------|-------------|-------|-------|-------|-------|--------|-----------
GET      JWT /auth-jwt-rs256                                                             4118     0(0.00%) |    386       2    1237    350 |  284.50        0.00
POST     POST /login-rs                                                                  1000     0(0.00%) |    649     105    1300    650 |   84.00        0.00
--------|----------------------------------------------------------------------------|-------|-------------|-------|-------|-------|-------|--------|-----------
         Aggregated                                                                      5118     0(0.00%) |    437       2    1300    440 |  368.50        0.00

Type     Name                                                                          # reqs      # fails |    Avg     Min     Max    Med |   req/s  failures/s
--------|----------------------------------------------------------------------------|-------|-------------|-------|-------|-------|-------|--------|-----------
GET      JWT /auth-jwt-rs256                                                             5147     0(0.00%) |    309       2    1237     14 |  364.10        0.00
POST     POST /login-rs                                                                  1000     0(0.00%) |    649     105    1300    650 |   64.00        0.00
--------|----------------------------------------------------------------------------|-------|-------------|-------|-------|-------|-------|--------|-----------
         Aggregated                                                                      6147     0(0.00%) |    364       2    1300    290 |  428.10        0.00

Type     Name                                                                          # reqs      # fails |    Avg     Min     Max    Med |   req/s  failures/s
--------|----------------------------------------------------------------------------|-------|-------------|-------|-------|-------|-------|--------|-----------
GET      JWT /auth-jwt-rs256                                                             6152     0(0.00%) |    259       2    1237      4 |  418.90        0.00
POST     POST /login-rs                                                                  1000     0(0.00%) |    649     105    1300    650 |   44.80        0.00
--------|----------------------------------------------------------------------------|-------|-------------|-------|-------|-------|-------|--------|-----------
         Aggregated                                                                      7152     0(0.00%) |    314       2    1300     14 |  463.70        0.00

Type     Name                                                                          # reqs      # fails |    Avg     Min     Max    Med |   req/s  failures/s
--------|----------------------------------------------------------------------------|-------|-------------|-------|-------|-------|-------|--------|-----------
GET      JWT /auth-jwt-rs256                                                             7123     0(0.00%) |    224       2    1237      4 |  466.00        0.00
POST     POST /login-rs                                                                  1000     0(0.00%) |    649     105    1300    650 |   25.90        0.00
--------|----------------------------------------------------------------------------|-------|-------------|-------|-------|-------|-------|--------|-----------
         Aggregated                                                                      8123     0(0.00%) |    276       2    1300      5 |  491.90        0.00

Type     Name                                                                          # reqs      # fails |    Avg     Min     Max    Med |   req/s  failures/s
--------|----------------------------------------------------------------------------|-------|-------------|-------|-------|-------|-------|--------|-----------
GET      JWT /auth-jwt-rs256                                                             8129     0(0.00%) |    197       2    1237      4 |  492.50        0.00
POST     POST /login-rs                                                                  1000     0(0.00%) |    649     105    1300    650 |    7.70        0.00
--------|----------------------------------------------------------------------------|-------|-------------|-------|-------|-------|-------|--------|-----------
         Aggregated                                                                      9129     0(0.00%) |    246       2    1300      4 |  500.20        0.00

Type     Name                                                                          # reqs      # fails |    Avg     Min     Max    Med |   req/s  failures/s
--------|----------------------------------------------------------------------------|-------|-------------|-------|-------|-------|-------|--------|-----------
GET      JWT /auth-jwt-rs256                                                             9135     0(0.00%) |    175       2    1237      4 |  501.70        0.00
POST     POST /login-rs                                                                  1000     0(0.00%) |    649     105    1300    650 |    0.00        0.00
--------|----------------------------------------------------------------------------|-------|-------------|-------|-------|-------|-------|--------|-----------
         Aggregated                                                                     10135     0(0.00%) |    222       2    1300      4 |  501.70        0.00

Type     Name                                                                          # reqs      # fails |    Avg     Min     Max    Med |   req/s  failures/s
--------|----------------------------------------------------------------------------|-------|-------------|-------|-------|-------|-------|--------|-----------
GET      JWT /auth-jwt-rs256                                                            10125     0(0.00%) |    159       2    1237      4 |  498.20        0.00
POST     POST /login-rs                                                                  1000     0(0.00%) |    649     105    1300    650 |    0.00        0.00
--------|----------------------------------------------------------------------------|-------|-------------|-------|-------|-------|-------|--------|-----------
         Aggregated                                                                     11125     0(0.00%) |    203       2    1300      4 |  498.20        0.00

Type     Name                                                                          # reqs      # fails |    Avg     Min     Max    Med |   req/s  failures/s
--------|----------------------------------------------------------------------------|-------|-------------|-------|-------|-------|-------|--------|-----------
GET      JWT /auth-jwt-rs256                                                            11136     0(0.00%) |    144       2    1237      3 |  501.60        0.00
POST     POST /login-rs                                                                  1000     0(0.00%) |    649     105    1300    650 |    0.00        0.00
--------|----------------------------------------------------------------------------|-------|-------------|-------|-------|-------|-------|--------|-----------
         Aggregated                                                                     12136     0(0.00%) |    186       2    1300      4 |  501.60        0.00

Type     Name                                                                          # reqs      # fails |    Avg     Min     Max    Med |   req/s  failures/s
--------|----------------------------------------------------------------------------|-------|-------------|-------|-------|-------|-------|--------|-----------
GET      JWT /auth-jwt-rs256                                                            12141     0(0.00%) |    133       2    1237      3 |  497.70        0.00
POST     POST /login-rs                                                                  1000     0(0.00%) |    649     105    1300    650 |    0.00        0.00
--------|----------------------------------------------------------------------------|-------|-------------|-------|-------|-------|-------|--------|-----------
         Aggregated                                                                     13141     0(0.00%) |    172       2    1300      4 |  497.70        0.00

Type     Name                                                                          # reqs      # fails |    Avg     Min     Max    Med |   req/s  failures/s
--------|----------------------------------------------------------------------------|-------|-------------|-------|-------|-------|-------|--------|-----------
GET      JWT /auth-jwt-rs256                                                            13137     0(0.00%) |    123       2    1237      3 |  499.70        0.00
POST     POST /login-rs                                                                  1000     0(0.00%) |    649     105    1300    650 |    0.00        0.00
--------|----------------------------------------------------------------------------|-------|-------------|-------|-------|-------|-------|--------|-----------
         Aggregated                                                                     14137     0(0.00%) |    160       2    1300      4 |  499.70        0.00

Type     Name                                                                          # reqs      # fails |    Avg     Min     Max    Med |   req/s  failures/s
--------|----------------------------------------------------------------------------|-------|-------------|-------|-------|-------|-------|--------|-----------
GET      JWT /auth-jwt-rs256                                                            14149     0(0.00%) |    114       2    1237      3 |  500.40        0.00
POST     POST /login-rs                                                                  1000     0(0.00%) |    649     105    1300    650 |    0.00        0.00
--------|----------------------------------------------------------------------------|-------|-------------|-------|-------|-------|-------|--------|-----------
         Aggregated                                                                     15149     0(0.00%) |    150       2    1300      4 |  500.40        0.00

Type     Name                                                                          # reqs      # fails |    Avg     Min     Max    Med |   req/s  failures/s
--------|----------------------------------------------------------------------------|-------|-------------|-------|-------|-------|-------|--------|-----------
GET      JWT /auth-jwt-rs256                                                            15130     0(0.00%) |    107       2    1237      3 |  500.80        0.00
POST     POST /login-rs                                                                  1000     0(0.00%) |    649     105    1300    650 |    0.00        0.00
--------|----------------------------------------------------------------------------|-------|-------------|-------|-------|-------|-------|--------|-----------
         Aggregated                                                                     16130     0(0.00%) |    141       2    1300      4 |  500.80        0.00

Type     Name                                                                          # reqs      # fails |    Avg     Min     Max    Med |   req/s  failures/s
--------|----------------------------------------------------------------------------|-------|-------------|-------|-------|-------|-------|--------|-----------
GET      JWT /auth-jwt-rs256                                                            16130     0(0.00%) |    101       2    1237      3 |  500.10        0.00
POST     POST /login-rs                                                                  1000     0(0.00%) |    649     105    1300    650 |    0.00        0.00
--------|----------------------------------------------------------------------------|-------|-------------|-------|-------|-------|-------|--------|-----------
         Aggregated                                                                     17130     0(0.00%) |    133       2    1300      3 |  500.10        0.00

Type     Name                                                                          # reqs      # fails |    Avg     Min     Max    Med |   req/s  failures/s
--------|----------------------------------------------------------------------------|-------|-------------|-------|-------|-------|-------|--------|-----------
GET      JWT /auth-jwt-rs256                                                            17152     0(0.00%) |     95       2    1237      3 |  500.50        0.00
POST     POST /login-rs                                                                  1000     0(0.00%) |    649     105    1300    650 |    0.00        0.00
--------|----------------------------------------------------------------------------|-------|-------------|-------|-------|-------|-------|--------|-----------
         Aggregated                                                                     18152     0(0.00%) |    125       2    1300      3 |  500.50        0.00

Type     Name                                                                          # reqs      # fails |    Avg     Min     Max    Med |   req/s  failures/s
--------|----------------------------------------------------------------------------|-------|-------------|-------|-------|-------|-------|--------|-----------
GET      JWT /auth-jwt-rs256                                                            18142     0(0.00%) |     90       2    1237      3 |  501.60        0.00
POST     POST /login-rs                                                                  1000     0(0.00%) |    649     105    1300    650 |    0.00        0.00
--------|----------------------------------------------------------------------------|-------|-------------|-------|-------|-------|-------|--------|-----------
         Aggregated                                                                     19142     0(0.00%) |    119       2    1300      3 |  501.60        0.00

Type     Name                                                                          # reqs      # fails |    Avg     Min     Max    Med |   req/s  failures/s
--------|----------------------------------------------------------------------------|-------|-------------|-------|-------|-------|-------|--------|-----------
GET      JWT /auth-jwt-rs256                                                            19098     0(0.00%) |     86       2    1237      3 |  500.50        0.00
POST     POST /login-rs                                                                  1000     0(0.00%) |    649     105    1300    650 |    0.00        0.00
--------|----------------------------------------------------------------------------|-------|-------------|-------|-------|-------|-------|--------|-----------
         Aggregated                                                                     20098     0(0.00%) |    114       2    1300      3 |  500.50        0.00

Type     Name                                                                          # reqs      # fails |    Avg     Min     Max    Med |   req/s  failures/s
--------|----------------------------------------------------------------------------|-------|-------------|-------|-------|-------|-------|--------|-----------
GET      JWT /auth-jwt-rs256                                                            20097     0(0.00%) |     81       2    1237      3 |  499.30        0.00
POST     POST /login-rs                                                                  1000     0(0.00%) |    649     105    1300    650 |    0.00        0.00
--------|----------------------------------------------------------------------------|-------|-------------|-------|-------|-------|-------|--------|-----------
         Aggregated                                                                     21097     0(0.00%) |    108       2    1300      3 |  499.30        0.00

Type     Name                                                                          # reqs      # fails |    Avg     Min     Max    Med |   req/s  failures/s
--------|----------------------------------------------------------------------------|-------|-------------|-------|-------|-------|-------|--------|-----------
GET      JWT /auth-jwt-rs256                                                            21094     0(0.00%) |     78       2    1237      3 |  498.40        0.00
POST     POST /login-rs                                                                  1000     0(0.00%) |    649     105    1300    650 |    0.00        0.00
--------|----------------------------------------------------------------------------|-------|-------------|-------|-------|-------|-------|--------|-----------
         Aggregated                                                                     22094     0(0.00%) |    104       2    1300      3 |  498.40        0.00

Type     Name                                                                          # reqs      # fails |    Avg     Min     Max    Med |   req/s  failures/s
--------|----------------------------------------------------------------------------|-------|-------------|-------|-------|-------|-------|--------|-----------
GET      JWT /auth-jwt-rs256                                                            22129     0(0.00%) |     74       2    1237      3 |  496.50        0.00
POST     POST /login-rs                                                                  1000     0(0.00%) |    649     105    1300    650 |    0.00        0.00
--------|----------------------------------------------------------------------------|-------|-------------|-------|-------|-------|-------|--------|-----------
         Aggregated                                                                     23129     0(0.00%) |     99       2    1300      3 |  496.50        0.00

Type     Name                                                                          # reqs      # fails |    Avg     Min     Max    Med |   req/s  failures/s
--------|----------------------------------------------------------------------------|-------|-------------|-------|-------|-------|-------|--------|-----------
GET      JWT /auth-jwt-rs256                                                            23118     0(0.00%) |     71       2    1237      3 |  497.10        0.00
POST     POST /login-rs                                                                  1000     0(0.00%) |    649     105    1300    650 |    0.00        0.00
--------|----------------------------------------------------------------------------|-------|-------------|-------|-------|-------|-------|--------|-----------
         Aggregated                                                                     24118     0(0.00%) |     95       2    1300      3 |  497.10        0.00

Type     Name                                                                          # reqs      # fails |    Avg     Min     Max    Med |   req/s  failures/s
--------|----------------------------------------------------------------------------|-------|-------------|-------|-------|-------|-------|--------|-----------
GET      JWT /auth-jwt-rs256                                                            24119     0(0.00%) |     68       2    1237      3 |  496.20        0.00
POST     POST /login-rs                                                                  1000     0(0.00%) |    649     105    1300    650 |    0.00        0.00
--------|----------------------------------------------------------------------------|-------|-------------|-------|-------|-------|-------|--------|-----------
         Aggregated                                                                     25119     0(0.00%) |     91       2    1300      3 |  496.20        0.00

Type     Name                                                                          # reqs      # fails |    Avg     Min     Max    Med |   req/s  failures/s
--------|----------------------------------------------------------------------------|-------|-------------|-------|-------|-------|-------|--------|-----------
GET      JWT /auth-jwt-rs256                                                            25137     0(0.00%) |     66       2    1237      3 |  498.50        0.00
POST     POST /login-rs                                                                  1000     0(0.00%) |    649     105    1300    650 |    0.00        0.00
--------|----------------------------------------------------------------------------|-------|-------------|-------|-------|-------|-------|--------|-----------
         Aggregated                                                                     26137     0(0.00%) |     88       2    1300      3 |  498.50        0.00

Type     Name                                                                          # reqs      # fails |    Avg     Min     Max    Med |   req/s  failures/s
--------|----------------------------------------------------------------------------|-------|-------------|-------|-------|-------|-------|--------|-----------
GET      JWT /auth-jwt-rs256                                                            26098     0(0.00%) |     63       2    1237      3 |  499.10        0.00
POST     POST /login-rs                                                                  1000     0(0.00%) |    649     105    1300    650 |    0.00        0.00
--------|----------------------------------------------------------------------------|-------|-------------|-------|-------|-------|-------|--------|-----------
         Aggregated                                                                     27098     0(0.00%) |     85       2    1300      3 |  499.10        0.00

Type     Name                                                                          # reqs      # fails |    Avg     Min     Max    Med |   req/s  failures/s
--------|----------------------------------------------------------------------------|-------|-------------|-------|-------|-------|-------|--------|-----------
GET      JWT /auth-jwt-rs256                                                            27098     0(0.00%) |     61       2    1237      3 |  499.80        0.00
POST     POST /login-rs                                                                  1000     0(0.00%) |    649     105    1300    650 |    0.00        0.00
--------|----------------------------------------------------------------------------|-------|-------------|-------|-------|-------|-------|--------|-----------
         Aggregated                                                                     28098     0(0.00%) |     82       2    1300      3 |  499.80        0.00

Type     Name                                                                          # reqs      # fails |    Avg     Min     Max    Med |   req/s  failures/s
--------|----------------------------------------------------------------------------|-------|-------------|-------|-------|-------|-------|--------|-----------
GET      JWT /auth-jwt-rs256                                                            28115     0(0.00%) |     59       2    1237      3 |  498.10        0.00
POST     POST /login-rs                                                                  1000     0(0.00%) |    649     105    1300    650 |    0.00        0.00
--------|----------------------------------------------------------------------------|-------|-------------|-------|-------|-------|-------|--------|-----------
         Aggregated                                                                     29115     0(0.00%) |     79       2    1300      3 |  498.10        0.00

Type     Name                                                                          # reqs      # fails |    Avg     Min     Max    Med |   req/s  failures/s
--------|----------------------------------------------------------------------------|-------|-------------|-------|-------|-------|-------|--------|-----------
GET      JWT /auth-jwt-rs256                                                            29111     0(0.00%) |     57       2    1237      3 |  501.80        0.00
POST     POST /login-rs                                                                  1000     0(0.00%) |    649     105    1300    650 |    0.00        0.00
--------|----------------------------------------------------------------------------|-------|-------------|-------|-------|-------|-------|--------|-----------
         Aggregated                                                                     30111     0(0.00%) |     77       2    1300      3 |  501.80        0.00

Type     Name                                                                          # reqs      # fails |    Avg     Min     Max    Med |   req/s  failures/s
--------|----------------------------------------------------------------------------|-------|-------------|-------|-------|-------|-------|--------|-----------
GET      JWT /auth-jwt-rs256                                                            30112     0(0.00%) |     55       2    1237      3 |  498.70        0.00
POST     POST /login-rs                                                                  1000     0(0.00%) |    649     105    1300    650 |    0.00        0.00
--------|----------------------------------------------------------------------------|-------|-------------|-------|-------|-------|-------|--------|-----------
         Aggregated                                                                     31112     0(0.00%) |     74       2    1300      3 |  498.70        0.00

Type     Name                                                                          # reqs      # fails |    Avg     Min     Max    Med |   req/s  failures/s
--------|----------------------------------------------------------------------------|-------|-------------|-------|-------|-------|-------|--------|-----------
GET      JWT /auth-jwt-rs256                                                            31104     0(0.00%) |     54       2    1237      3 |  500.80        0.00
POST     POST /login-rs                                                                  1000     0(0.00%) |    649     105    1300    650 |    0.00        0.00
--------|----------------------------------------------------------------------------|-------|-------------|-------|-------|-------|-------|--------|-----------
         Aggregated                                                                     32104     0(0.00%) |     72       2    1300      3 |  500.80        0.00

Type     Name                                                                          # reqs      # fails |    Avg     Min     Max    Med |   req/s  failures/s
--------|----------------------------------------------------------------------------|-------|-------------|-------|-------|-------|-------|--------|-----------
GET      JWT /auth-jwt-rs256                                                            32137     0(0.00%) |     52       2    1237      3 |  500.30        0.00
POST     POST /login-rs                                                                  1000     0(0.00%) |    649     105    1300    650 |    0.00        0.00
--------|----------------------------------------------------------------------------|-------|-------------|-------|-------|-------|-------|--------|-----------
         Aggregated                                                                     33137     0(0.00%) |     70       2    1300      3 |  500.30        0.00

Type     Name                                                                          # reqs      # fails |    Avg     Min     Max    Med |   req/s  failures/s
--------|----------------------------------------------------------------------------|-------|-------------|-------|-------|-------|-------|--------|-----------
GET      JWT /auth-jwt-rs256                                                            33110     0(0.00%) |     51       2    1237      3 |  502.40        0.00
POST     POST /login-rs                                                                  1000     0(0.00%) |    649     105    1300    650 |    0.00        0.00
--------|----------------------------------------------------------------------------|-------|-------------|-------|-------|-------|-------|--------|-----------
         Aggregated                                                                     34110     0(0.00%) |     68       2    1300      3 |  502.40        0.00

Type     Name                                                                          # reqs      # fails |    Avg     Min     Max    Med |   req/s  failures/s
--------|----------------------------------------------------------------------------|-------|-------------|-------|-------|-------|-------|--------|-----------
GET      JWT /auth-jwt-rs256                                                            34108     0(0.00%) |     49       2    1237      3 |  501.10        0.00
POST     POST /login-rs                                                                  1000     0(0.00%) |    649     105    1300    650 |    0.00        0.00
--------|----------------------------------------------------------------------------|-------|-------------|-------|-------|-------|-------|--------|-----------
         Aggregated                                                                     35108     0(0.00%) |     66       2    1300      3 |  501.10        0.00

Type     Name                                                                          # reqs      # fails |    Avg     Min     Max    Med |   req/s  failures/s
--------|----------------------------------------------------------------------------|-------|-------------|-------|-------|-------|-------|--------|-----------
GET      JWT /auth-jwt-rs256                                                            35118     0(0.00%) |     48       2    1237      3 |  501.00        0.00
POST     POST /login-rs                                                                  1000     0(0.00%) |    649     105    1300    650 |    0.00        0.00
--------|----------------------------------------------------------------------------|-------|-------------|-------|-------|-------|-------|--------|-----------
         Aggregated                                                                     36118     0(0.00%) |     65       2    1300      3 |  501.00        0.00

Type     Name                                                                          # reqs      # fails |    Avg     Min     Max    Med |   req/s  failures/s
--------|----------------------------------------------------------------------------|-------|-------------|-------|-------|-------|-------|--------|-----------
GET      JWT /auth-jwt-rs256                                                            36104     0(0.00%) |     47       2    1237      3 |  499.10        0.00
POST     POST /login-rs                                                                  1000     0(0.00%) |    649     105    1300    650 |    0.00        0.00
--------|----------------------------------------------------------------------------|-------|-------------|-------|-------|-------|-------|--------|-----------
         Aggregated                                                                     37104     0(0.00%) |     63       2    1300      3 |  499.10        0.00

Type     Name                                                                          # reqs      # fails |    Avg     Min     Max    Med |   req/s  failures/s
--------|----------------------------------------------------------------------------|-------|-------------|-------|-------|-------|-------|--------|-----------
GET      JWT /auth-jwt-rs256                                                            37108     0(0.00%) |     45       2    1237      3 |  500.10        0.00
POST     POST /login-rs                                                                  1000     0(0.00%) |    649     105    1300    650 |    0.00        0.00
--------|----------------------------------------------------------------------------|-------|-------------|-------|-------|-------|-------|--------|-----------
         Aggregated                                                                     38108     0(0.00%) |     61       2    1300      3 |  500.10        0.00

Type     Name                                                                          # reqs      # fails |    Avg     Min     Max    Med |   req/s  failures/s
--------|----------------------------------------------------------------------------|-------|-------------|-------|-------|-------|-------|--------|-----------
GET      JWT /auth-jwt-rs256                                                            38117     0(0.00%) |     44       2    1237      3 |  498.90        0.00
POST     POST /login-rs                                                                  1000     0(0.00%) |    649     105    1300    650 |    0.00        0.00
--------|----------------------------------------------------------------------------|-------|-------------|-------|-------|-------|-------|--------|-----------
         Aggregated                                                                     39117     0(0.00%) |     60       2    1300      3 |  498.90        0.00

Type     Name                                                                          # reqs      # fails |    Avg     Min     Max    Med |   req/s  failures/s
--------|----------------------------------------------------------------------------|-------|-------------|-------|-------|-------|-------|--------|-----------
GET      JWT /auth-jwt-rs256                                                            39108     0(0.00%) |     43       2    1237      3 |  497.50        0.00
POST     POST /login-rs                                                                  1000     0(0.00%) |    649     105    1300    650 |    0.00        0.00
--------|----------------------------------------------------------------------------|-------|-------------|-------|-------|-------|-------|--------|-----------
         Aggregated                                                                     40108     0(0.00%) |     58       2    1300      3 |  497.50        0.00

Type     Name                                                                          # reqs      # fails |    Avg     Min     Max    Med |   req/s  failures/s
--------|----------------------------------------------------------------------------|-------|-------------|-------|-------|-------|-------|--------|-----------
GET      JWT /auth-jwt-rs256                                                            40106     0(0.00%) |     42       2    1237      3 |  498.60        0.00
POST     POST /login-rs                                                                  1000     0(0.00%) |    649     105    1300    650 |    0.00        0.00
--------|----------------------------------------------------------------------------|-------|-------------|-------|-------|-------|-------|--------|-----------
         Aggregated                                                                     41106     0(0.00%) |     57       2    1300      3 |  498.60        0.00

Type     Name                                                                          # reqs      # fails |    Avg     Min     Max    Med |   req/s  failures/s
--------|----------------------------------------------------------------------------|-------|-------------|-------|-------|-------|-------|--------|-----------
GET      JWT /auth-jwt-rs256                                                            41121     0(0.00%) |     41       2    1237      3 |  499.10        0.00
POST     POST /login-rs                                                                  1000     0(0.00%) |    649     105    1300    650 |    0.00        0.00
--------|----------------------------------------------------------------------------|-------|-------------|-------|-------|-------|-------|--------|-----------
         Aggregated                                                                     42121     0(0.00%) |     56       2    1300      3 |  499.10        0.00

Type     Name                                                                          # reqs      # fails |    Avg     Min     Max    Med |   req/s  failures/s
--------|----------------------------------------------------------------------------|-------|-------------|-------|-------|-------|-------|--------|-----------
GET      JWT /auth-jwt-rs256                                                            42093     0(0.00%) |     41       2    1237      3 |  499.70        0.00
POST     POST /login-rs                                                                  1000     0(0.00%) |    649     105    1300    650 |    0.00        0.00
--------|----------------------------------------------------------------------------|-------|-------------|-------|-------|-------|-------|--------|-----------
         Aggregated                                                                     43093     0(0.00%) |     55       2    1300      3 |  499.70        0.00

Type     Name                                                                          # reqs      # fails |    Avg     Min     Max    Med |   req/s  failures/s
--------|----------------------------------------------------------------------------|-------|-------------|-------|-------|-------|-------|--------|-----------
GET      JWT /auth-jwt-rs256                                                            43096     0(0.00%) |     40       2    1237      3 |  494.90        0.00
POST     POST /login-rs                                                                  1000     0(0.00%) |    649     105    1300    650 |    0.00        0.00
--------|----------------------------------------------------------------------------|-------|-------------|-------|-------|-------|-------|--------|-----------
         Aggregated                                                                     44096     0(0.00%) |     53       2    1300      3 |  494.90        0.00

Type     Name                                                                          # reqs      # fails |    Avg     Min     Max    Med |   req/s  failures/s
--------|----------------------------------------------------------------------------|-------|-------------|-------|-------|-------|-------|--------|-----------
GET      JWT /auth-jwt-rs256                                                            44119     0(0.00%) |     39       2    1237      3 |  500.20        0.00
POST     POST /login-rs                                                                  1000     0(0.00%) |    649     105    1300    650 |    0.00        0.00
--------|----------------------------------------------------------------------------|-------|-------------|-------|-------|-------|-------|--------|-----------
         Aggregated                                                                     45119     0(0.00%) |     52       2    1300      3 |  500.20        0.00

Type     Name                                                                          # reqs      # fails |    Avg     Min     Max    Med |   req/s  failures/s
--------|----------------------------------------------------------------------------|-------|-------------|-------|-------|-------|-------|--------|-----------
GET      JWT /auth-jwt-rs256                                                            45116     0(0.00%) |     38       2    1237      3 |  500.60        0.00
POST     POST /login-rs                                                                  1000     0(0.00%) |    649     105    1300    650 |    0.00        0.00
--------|----------------------------------------------------------------------------|-------|-------------|-------|-------|-------|-------|--------|-----------
         Aggregated                                                                     46116     0(0.00%) |     51       2    1300      3 |  500.60        0.00

Type     Name                                                                          # reqs      # fails |    Avg     Min     Max    Med |   req/s  failures/s
--------|----------------------------------------------------------------------------|-------|-------------|-------|-------|-------|-------|--------|-----------
GET      JWT /auth-jwt-rs256                                                            46106     0(0.00%) |     37       2    1237      3 |  501.10        0.00
POST     POST /login-rs                                                                  1000     0(0.00%) |    649     105    1300    650 |    0.00        0.00
--------|----------------------------------------------------------------------------|-------|-------------|-------|-------|-------|-------|--------|-----------
         Aggregated                                                                     47106     0(0.00%) |     50       2    1300      3 |  501.10        0.00

Type     Name                                                                          # reqs      # fails |    Avg     Min     Max    Med |   req/s  failures/s
--------|----------------------------------------------------------------------------|-------|-------------|-------|-------|-------|-------|--------|-----------
GET      JWT /auth-jwt-rs256                                                            47122     0(0.00%) |     37       2    1237      3 |  499.40        0.00
POST     POST /login-rs                                                                  1000     0(0.00%) |    649     105    1300    650 |    0.00        0.00
--------|----------------------------------------------------------------------------|-------|-------------|-------|-------|-------|-------|--------|-----------
         Aggregated                                                                     48122     0(0.00%) |     49       2    1300      3 |  499.40        0.00

Type     Name                                                                          # reqs      # fails |    Avg     Min     Max    Med |   req/s  failures/s
--------|----------------------------------------------------------------------------|-------|-------------|-------|-------|-------|-------|--------|-----------
GET      JWT /auth-jwt-rs256                                                            48105     0(0.00%) |     36       2    1237      3 |  505.50        0.00
POST     POST /login-rs                                                                  1000     0(0.00%) |    649     105    1300    650 |    0.00        0.00
--------|----------------------------------------------------------------------------|-------|-------------|-------|-------|-------|-------|--------|-----------
         Aggregated                                                                     49105     0(0.00%) |     48       2    1300      3 |  505.50        0.00

Type     Name                                                                          # reqs      # fails |    Avg     Min     Max    Med |   req/s  failures/s
--------|----------------------------------------------------------------------------|-------|-------------|-------|-------|-------|-------|--------|-----------
GET      JWT /auth-jwt-rs256                                                            49108     0(0.00%) |     35       2    1237      3 |  498.30        0.00
POST     POST /login-rs                                                                  1000     0(0.00%) |    649     105    1300    650 |    0.00        0.00
--------|----------------------------------------------------------------------------|-------|-------------|-------|-------|-------|-------|--------|-----------
         Aggregated                                                                     50108     0(0.00%) |     47       2    1300      3 |  498.30        0.00

Type     Name                                                                          # reqs      # fails |    Avg     Min     Max    Med |   req/s  failures/s
--------|----------------------------------------------------------------------------|-------|-------------|-------|-------|-------|-------|--------|-----------
GET      JWT /auth-jwt-rs256                                                            50128     0(0.00%) |     35       2    1237      3 |  499.00        0.00
POST     POST /login-rs                                                                  1000     0(0.00%) |    649     105    1300    650 |    0.00        0.00
--------|----------------------------------------------------------------------------|-------|-------------|-------|-------|-------|-------|--------|-----------
         Aggregated                                                                     51128     0(0.00%) |     47       2    1300      3 |  499.00        0.00

Type     Name                                                                          # reqs      # fails |    Avg     Min     Max    Med |   req/s  failures/s
--------|----------------------------------------------------------------------------|-------|-------------|-------|-------|-------|-------|--------|-----------
GET      JWT /auth-jwt-rs256                                                            51129     0(0.00%) |     34       2    1237      3 |  499.90        0.00
POST     POST /login-rs                                                                  1000     0(0.00%) |    649     105    1300    650 |    0.00        0.00
--------|----------------------------------------------------------------------------|-------|-------------|-------|-------|-------|-------|--------|-----------
         Aggregated                                                                     52129     0(0.00%) |     46       2    1300      3 |  499.90        0.00

Type     Name                                                                          # reqs      # fails |    Avg     Min     Max    Med |   req/s  failures/s
--------|----------------------------------------------------------------------------|-------|-------------|-------|-------|-------|-------|--------|-----------
GET      JWT /auth-jwt-rs256                                                            52103     0(0.00%) |     33       2    1237      3 |  499.70        0.00
POST     POST /login-rs                                                                  1000     0(0.00%) |    649     105    1300    650 |    0.00        0.00
--------|----------------------------------------------------------------------------|-------|-------------|-------|-------|-------|-------|--------|-----------
         Aggregated                                                                     53103     0(0.00%) |     45       2    1300      3 |  499.70        0.00

Type     Name                                                                          # reqs      # fails |    Avg     Min     Max    Med |   req/s  failures/s
--------|----------------------------------------------------------------------------|-------|-------------|-------|-------|-------|-------|--------|-----------
GET      JWT /auth-jwt-rs256                                                            53102     0(0.00%) |     33       2    1237      3 |  498.10        0.00
POST     POST /login-rs                                                                  1000     0(0.00%) |    649     105    1300    650 |    0.00        0.00
--------|----------------------------------------------------------------------------|-------|-------------|-------|-------|-------|-------|--------|-----------
         Aggregated                                                                     54102     0(0.00%) |     44       2    1300      3 |  498.10        0.00

Type     Name                                                                          # reqs      # fails |    Avg     Min     Max    Med |   req/s  failures/s
--------|----------------------------------------------------------------------------|-------|-------------|-------|-------|-------|-------|--------|-----------
GET      JWT /auth-jwt-rs256                                                            54111     0(0.00%) |     32       2    1237      3 |  498.90        0.00
POST     POST /login-rs                                                                  1000     0(0.00%) |    649     105    1300    650 |    0.00        0.00
--------|----------------------------------------------------------------------------|-------|-------------|-------|-------|-------|-------|--------|-----------
         Aggregated                                                                     55111     0(0.00%) |     43       2    1300      3 |  498.90        0.00

Type     Name                                                                          # reqs      # fails |    Avg     Min     Max    Med |   req/s  failures/s
--------|----------------------------------------------------------------------------|-------|-------------|-------|-------|-------|-------|--------|-----------
GET      JWT /auth-jwt-rs256                                                            55131     0(0.00%) |     32       2    1237      3 |  500.60        0.00
POST     POST /login-rs                                                                  1000     0(0.00%) |    649     105    1300    650 |    0.00        0.00
--------|----------------------------------------------------------------------------|-------|-------------|-------|-------|-------|-------|--------|-----------
         Aggregated                                                                     56131     0(0.00%) |     43       2    1300      3 |  500.60        0.00

Type     Name                                                                          # reqs      # fails |    Avg     Min     Max    Med |   req/s  failures/s
--------|----------------------------------------------------------------------------|-------|-------------|-------|-------|-------|-------|--------|-----------
GET      JWT /auth-jwt-rs256                                                            56125     0(0.00%) |     31       2    1237      3 |  499.90        0.00
POST     POST /login-rs                                                                  1000     0(0.00%) |    649     105    1300    650 |    0.00        0.00
--------|----------------------------------------------------------------------------|-------|-------------|-------|-------|-------|-------|--------|-----------
         Aggregated                                                                     57125     0(0.00%) |     42       2    1300      3 |  499.90        0.00

[2025-06-28 11:17:38,195] ip-172-31-47-106/INFO/locust.main: --run-time limit reached, shutting down
[2025-06-28 11:17:38,272] ip-172-31-47-106/INFO/locust.main: Shutting down (exit code 0)
Type     Name                                                                          # reqs      # fails |    Avg     Min     Max    Med |   req/s  failures/s
--------|----------------------------------------------------------------------------|-------|-------------|-------|-------|-------|-------|--------|-----------
GET      JWT /auth-jwt-rs256                                                            57002     0(0.00%) |     31       2    1237      3 |  475.53        0.00
POST     POST /login-rs                                                                  1000     0(0.00%) |    649     105    1300    650 |    8.34        0.00
--------|----------------------------------------------------------------------------|-------|-------------|-------|-------|-------|-------|--------|-----------
         Aggregated                                                                     58002     0(0.00%) |     41       2    1300      3 |  483.87        0.00

Response time percentiles (approximated)
Type     Name                                                                                  50%    66%    75%    80%    90%    95%    98%    99%  99.9% 99.99%   100% # reqs
--------|--------------------------------------------------------------------------------|--------|------|------|------|------|------|------|------|------|------|------|------
GET      JWT /auth-jwt-rs256                                                                     3      4      4      4      5     17    670    860   1100   1200   1200  57002
POST     POST /login-rs                                                                        650    800    880    920   1000   1100   1200   1200   1300   1300   1300   1000
--------|--------------------------------------------------------------------------------|--------|------|------|------|------|------|------|------|------|------|------|------
         Aggregated                                                                              3      4      4      4      6    340    780    920   1200   1300   1300  58002

